<?xml version="1.0" encoding="UTF-8"?>
<!-- Generated by org.testng.reporters.JUnitXMLReporter -->
<testsuite hostname="DESKTOP-NIRVJGG" ignored="4" name="Test" tests="3" failures="0" timestamp="2022-06-21T15:23:53 IST" time="135.383" errors="0">
  <testcase name="createCampaignTest" time="29.334" classname="com.crm.createCampaign.CreateCampaignsTest"/>
  <testcase name="createDocumentTest" time="19.644" classname="com.crm.createDocument.VtigerCreateDocumentTest"/>
  <testcase name="createOrganizationTest" time="24.527" classname="com.crm.createOrganization.CreateOrganizationTest"/>
  <testcase name="@BeforeSuite bdConfig" time="0.0" classname="com.crm.genericUtilities.BaseClass">
    <ignored/>
  </testcase> <!-- @BeforeSuite bdConfig -->
  <testcase name="@BeforeSuite bdConfig" time="0.0" classname="com.crm.genericUtilities.BaseClass">
    <ignored/>
  </testcase> <!-- @BeforeSuite bdConfig -->
  <testcase name="@AfterSuite closeDBConfig" time="0.0" classname="com.crm.genericUtilities.BaseClass">
    <ignored/>
  </testcase> <!-- @AfterSuite closeDBConfig -->
  <testcase name="@AfterSuite closeDBConfig" time="0.0" classname="com.crm.genericUtilities.BaseClass">
    <ignored/>
  </testcase> <!-- @AfterSuite closeDBConfig -->
</testsuite> <!-- Test -->
