<?xml version="1.0" encoding="UTF-8"?>
<!-- Generated by org.testng.reporters.JUnitXMLReporter -->
<testsuite ignored="2" hostname="DESKTOP-NIRVJGG" failures="0" tests="2" name="TestRunner2" time="148.489" errors="0" timestamp="2022-06-16T11:56:50 IST">
  <testcase classname="com.crm.createContact.CreateContactsTest" name="createContactTest" time="48.661"/>
  <testcase classname="com.crm.createContact.CreateContactWithOrganizationTest" name="createContactWithOrganizationTest" time="42.246"/>
  <testcase classname="com.crm.genericUtilities.BaseClass" name="@BeforeSuite bdConfig" time="0.0">
    <ignored/>
  </testcase> <!-- @BeforeSuite bdConfig -->
  <testcase classname="com.crm.genericUtilities.BaseClass" name="@AfterSuite closeDBConfig" time="0.0">
    <ignored/>
  </testcase> <!-- @AfterSuite closeDBConfig -->
</testsuite> <!-- TestRunner2 -->
