<?xml version="1.0" encoding="UTF-8"?>
<!-- Generated by org.testng.reporters.JUnitXMLReporter -->
<testsuite ignored="3" hostname="DESKTOP-NIRVJGG" failures="0" tests="1" name="Test" time="42.257" errors="0" timestamp="2022-06-16T13:05:29 IST">
  <testcase classname="com.crm.createContact.CreateContactsTest" name="createContactTest" time="23.164"/>
  <testcase classname="com.crm.genericUtilities.BaseClass" name="@BeforeSuite bdConfig" time="0.0">
    <ignored/>
  </testcase> <!-- @BeforeSuite bdConfig -->
  <testcase classname="com.crm.createContact.CreateContactWithOrganizationTest" name="createContactWithOrganizationTest" time="0.0">
    <ignored/>
  </testcase> <!-- createContactWithOrganizationTest -->
  <testcase classname="com.crm.genericUtilities.BaseClass" name="@AfterSuite closeDBConfig" time="0.0">
    <ignored/>
  </testcase> <!-- @AfterSuite closeDBConfig -->
</testsuite> <!-- Test -->
