<?xml version="1.0" encoding="UTF-8"?>
<!-- Generated by org.testng.reporters.JUnitXMLReporter -->
<testsuite ignored="2" hostname="DESKTOP-NIRVJGG" failures="0" tests="2" name="Test2" time="160.308" errors="0" timestamp="2022-06-16T12:57:52 IST">
  <testcase classname="com.crm.createProduct.ReadDataFromExcelTest" name="readDataFromExcelTest" time="49.545"/>
  <testcase classname="com.crm.createProduct.VtigerCreateProductTest" name="createProductTest" time="37.46"/>
  <testcase classname="com.crm.genericUtilities.BaseClass" name="@BeforeSuite bdConfig" time="0.0">
    <ignored/>
  </testcase> <!-- @BeforeSuite bdConfig -->
  <testcase classname="com.crm.genericUtilities.BaseClass" name="@AfterSuite closeDBConfig" time="0.0">
    <ignored/>
  </testcase> <!-- @AfterSuite closeDBConfig -->
</testsuite> <!-- Test2 -->
