<?xml version="1.0" encoding="UTF-8"?>
<!-- Generated by org.testng.reporters.JUnitXMLReporter -->
<testsuite ignored="2" hostname="DESKTOP-NIRVJGG" failures="0" tests="2" name="Test1" time="163.509" errors="0" timestamp="2022-06-16T12:57:56 IST">
  <testcase classname="com.crm.createContact.CreateContactsTest" name="createContactTest" time="52.086"/>
  <testcase classname="com.crm.createContact.CreateContactWithOrganizationTest" name="createContactWithOrganizationTest" time="40.503"/>
  <testcase classname="com.crm.genericUtilities.BaseClass" name="@BeforeSuite bdConfig" time="0.0">
    <ignored/>
  </testcase> <!-- @BeforeSuite bdConfig -->
  <testcase classname="com.crm.genericUtilities.BaseClass" name="@AfterSuite closeDBConfig" time="0.0">
    <ignored/>
  </testcase> <!-- @AfterSuite closeDBConfig -->
</testsuite> <!-- Test1 -->
