<?xml version="1.0" encoding="UTF-8"?>
<testng-results ignored="0" total="1" passed="1" failed="0" skipped="0">
  <reporter-output>
  </reporter-output>
  <suite started-at="2022-06-20T17:15:45 IST" name="Default suite" finished-at="2022-06-20T17:16:32 IST" duration-ms="47467">
    <groups>
    </groups>
    <test started-at="2022-06-20T17:15:45 IST" name="Default test" finished-at="2022-06-20T17:16:32 IST" duration-ms="47467">
      <class name="com.crm.createProduct.ReadDataFromExcelTest">
        <test-method is-config="true" signature="bdConfig()[pri:0, instance:com.crm.createProduct.ReadDataFromExcelTest@7e5afaa6]" started-at="2022-06-20T17:15:45 IST" name="bdConfig" finished-at="2022-06-20T17:15:45 IST" duration-ms="19" status="PASS">
          <reporter-output>
          </reporter-output>
        </test-method> <!-- bdConfig -->
        <test-method is-config="true" signature="launchBrowser()[pri:0, instance:com.crm.createProduct.ReadDataFromExcelTest@7e5afaa6]" started-at="2022-06-20T17:15:45 IST" name="launchBrowser" finished-at="2022-06-20T17:15:51 IST" duration-ms="5756" status="PASS">
          <reporter-output>
          </reporter-output>
        </test-method> <!-- launchBrowser -->
        <test-method is-config="true" signature="loginToApp()[pri:0, instance:com.crm.createProduct.ReadDataFromExcelTest@7e5afaa6]" started-at="2022-06-20T17:15:51 IST" name="loginToApp" finished-at="2022-06-20T17:15:55 IST" duration-ms="4242" status="PASS">
          <reporter-output>
          </reporter-output>
        </test-method> <!-- loginToApp -->
        <test-method signature="readDataFromExcelTest()[pri:0, instance:com.crm.createProduct.ReadDataFromExcelTest@7e5afaa6]" started-at="2022-06-20T17:15:55 IST" name="readDataFromExcelTest" finished-at="2022-06-20T17:16:20 IST" duration-ms="25092" status="PASS">
          <reporter-output>
          </reporter-output>
        </test-method> <!-- readDataFromExcelTest -->
        <test-method is-config="true" signature="logOutFromApp()[pri:0, instance:com.crm.createProduct.ReadDataFromExcelTest@7e5afaa6]" started-at="2022-06-20T17:16:20 IST" name="logOutFromApp" finished-at="2022-06-20T17:16:30 IST" duration-ms="10450" status="PASS">
          <reporter-output>
          </reporter-output>
        </test-method> <!-- logOutFromApp -->
        <test-method is-config="true" signature="closeTheBrowser()[pri:0, instance:com.crm.createProduct.ReadDataFromExcelTest@7e5afaa6]" started-at="2022-06-20T17:16:30 IST" name="closeTheBrowser" finished-at="2022-06-20T17:16:32 IST" duration-ms="1847" status="PASS">
          <reporter-output>
          </reporter-output>
        </test-method> <!-- closeTheBrowser -->
        <test-method is-config="true" signature="closeDBConfig()[pri:0, instance:com.crm.createProduct.ReadDataFromExcelTest@7e5afaa6]" started-at="2022-06-20T17:16:33 IST" name="closeDBConfig" finished-at="2022-06-20T17:16:33 IST" duration-ms="1" status="PASS">
          <reporter-output>
          </reporter-output>
        </test-method> <!-- closeDBConfig -->
      </class> <!-- com.crm.createProduct.ReadDataFromExcelTest -->
    </test> <!-- Default test -->
  </suite> <!-- Default suite -->
</testng-results>
